{"__type":"$$EventMessageAudit","id":"18ec37f1-cb86-4e36-9471-d08285409450","ts":"2025-08-30T12:08:21.113+00:00","eventName":"n8n.audit.workflow.created","message":"n8n.audit.workflow.created","payload":{"userId":"a536f4d0-a3dc-4fc0-b294-bc321f49e962","_email":"deek.4shi@gmail.com","_firstName":"vemula","_lastName":"deekshitha","globalRole":"global:owner","workflowId":"CUbN6vpRIXl7RCoO","workflowName":"My workflow"}}
{"__type":"$$EventMessageConfirm","confirm":"18ec37f1-cb86-4e36-9471-d08285409450","ts":"2025-08-30T12:08:21.113+00:00","source":{"id":"0","name":"eventBus"}}
{"__type":"$$EventMessageWorkflow","id":"5f7b482e-cfb9-4fb9-b08e-69391b00e1f6","ts":"2025-08-30T08:09:21.074-04:00","eventName":"n8n.workflow.started","message":"n8n.workflow.started","payload":{"executionId":"1","workflowId":"CUbN6vpRIXl7RCoO","isManual":false,"workflowName":"My workflow"}}
{"__type":"$$EventMessageConfirm","confirm":"5f7b482e-cfb9-4fb9-b08e-69391b00e1f6","ts":"2025-08-30T08:09:21.074-04:00","source":{"id":"0","name":"eventBus"}}
{"__type":"$$EventMessageNode","id":"75c5d857-0aec-4105-a0ee-af58184fe583","ts":"2025-08-30T08:09:21.076-04:00","eventName":"n8n.node.started","message":"n8n.node.started","payload":{"workflowId":"CUbN6vpRIXl7RCoO","workflowName":"My workflow","executionId":"1","nodeType":"n8n-nodes-base.webhook","nodeName":"Webhook","nodeId":"b57fabd1-b427-4bfe-9e40-8512c279c927"}}
{"__type":"$$EventMessageConfirm","confirm":"75c5d857-0aec-4105-a0ee-af58184fe583","ts":"2025-08-30T08:09:21.076-04:00","source":{"id":"0","name":"eventBus"}}
{"__type":"$$EventMessageNode","id":"3ba1301a-6b10-4ded-8c2d-b92749977ab9","ts":"2025-08-30T08:09:21.077-04:00","eventName":"n8n.node.finished","message":"n8n.node.finished","payload":{"workflowId":"CUbN6vpRIXl7RCoO","workflowName":"My workflow","executionId":"1","nodeType":"n8n-nodes-base.webhook","nodeName":"Webhook","nodeId":"b57fabd1-b427-4bfe-9e40-8512c279c927"}}
{"__type":"$$EventMessageConfirm","confirm":"3ba1301a-6b10-4ded-8c2d-b92749977ab9","ts":"2025-08-30T08:09:21.077-04:00","source":{"id":"0","name":"eventBus"}}
{"__type":"$$EventMessageWorkflow","id":"ca29d061-9912-43b3-b539-89dec9512b56","ts":"2025-08-30T08:09:21.080-04:00","eventName":"n8n.workflow.success","message":"n8n.workflow.success","payload":{"executionId":"1","success":true,"isManual":true,"workflowId":"CUbN6vpRIXl7RCoO","workflowName":"My workflow"}}
{"__type":"$$EventMessageConfirm","confirm":"ca29d061-9912-43b3-b539-89dec9512b56","ts":"2025-08-30T08:09:21.080-04:00","source":{"id":"0","name":"eventBus"}}
{"__type":"$$EventMessageWorkflow","id":"dbf956f1-6490-47a1-8c6e-29dced044c9c","ts":"2025-08-30T08:14:10.812-04:00","eventName":"n8n.workflow.started","message":"n8n.workflow.started","payload":{"executionId":"2","workflowId":"CUbN6vpRIXl7RCoO","isManual":false,"workflowName":"My workflow"}}
{"__type":"$$EventMessageConfirm","confirm":"dbf956f1-6490-47a1-8c6e-29dced044c9c","ts":"2025-08-30T08:14:10.812-04:00","source":{"id":"0","name":"eventBus"}}
{"__type":"$$EventMessageNode","id":"458116e7-dc0d-40dc-ae91-41c9e23d3b10","ts":"2025-08-30T08:14:10.813-04:00","eventName":"n8n.node.started","message":"n8n.node.started","payload":{"workflowId":"CUbN6vpRIXl7RCoO","workflowName":"My workflow","executionId":"2","nodeType":"n8n-nodes-base.httpRequest","nodeName":"HTTP Request","nodeId":"51e4cd29-a01d-4a2f-a430-0ad90bb48a64"}}
{"__type":"$$EventMessageConfirm","confirm":"458116e7-dc0d-40dc-ae91-41c9e23d3b10","ts":"2025-08-30T08:14:10.813-04:00","source":{"id":"0","name":"eventBus"}}
{"__type":"$$EventMessageNode","id":"429ef3b2-3b4b-4cac-9249-7e14ec83ebe1","ts":"2025-08-30T08:14:14.204-04:00","eventName":"n8n.node.finished","message":"n8n.node.finished","payload":{"workflowId":"CUbN6vpRIXl7RCoO","workflowName":"My workflow","executionId":"2","nodeType":"n8n-nodes-base.httpRequest","nodeName":"HTTP Request","nodeId":"51e4cd29-a01d-4a2f-a430-0ad90bb48a64"}}
{"__type":"$$EventMessageConfirm","confirm":"429ef3b2-3b4b-4cac-9249-7e14ec83ebe1","ts":"2025-08-30T08:14:14.204-04:00","source":{"id":"0","name":"eventBus"}}
{"__type":"$$EventMessageWorkflow","id":"a11f6b51-bc57-4251-8a1b-27e664dd0f38","ts":"2025-08-30T08:14:14.209-04:00","eventName":"n8n.workflow.success","message":"n8n.workflow.success","payload":{"userId":"a536f4d0-a3dc-4fc0-b294-bc321f49e962","executionId":"2","success":true,"isManual":true,"workflowId":"CUbN6vpRIXl7RCoO","workflowName":"My workflow"}}
{"__type":"$$EventMessageConfirm","confirm":"a11f6b51-bc57-4251-8a1b-27e664dd0f38","ts":"2025-08-30T08:14:14.209-04:00","source":{"id":"0","name":"eventBus"}}
{"__type":"$$EventMessageWorkflow","id":"9ef6132a-4b54-44aa-aeea-5d1936626f1b","ts":"2025-08-30T08:14:49.041-04:00","eventName":"n8n.workflow.started","message":"n8n.workflow.started","payload":{"executionId":"3","workflowId":"CUbN6vpRIXl7RCoO","isManual":false,"workflowName":"My workflow"}}
{"__type":"$$EventMessageConfirm","confirm":"9ef6132a-4b54-44aa-aeea-5d1936626f1b","ts":"2025-08-30T08:14:49.041-04:00","source":{"id":"0","name":"eventBus"}}
{"__type":"$$EventMessageNode","id":"0f834213-4df0-4b55-a072-e46262687493","ts":"2025-08-30T08:14:49.047-04:00","eventName":"n8n.node.started","message":"n8n.node.started","payload":{"workflowId":"CUbN6vpRIXl7RCoO","workflowName":"My workflow","executionId":"3","nodeType":"n8n-nodes-base.extractFromFile","nodeName":"Extract from File","nodeId":"370ec201-4e48-4416-82e3-8906fcbdeeb3"}}
{"__type":"$$EventMessageConfirm","confirm":"0f834213-4df0-4b55-a072-e46262687493","ts":"2025-08-30T08:14:49.048-04:00","source":{"id":"0","name":"eventBus"}}
{"__type":"$$EventMessageNode","id":"f1740aeb-3a15-42a7-902c-87fa87f659f8","ts":"2025-08-30T08:14:50.187-04:00","eventName":"n8n.node.finished","message":"n8n.node.finished","payload":{"workflowId":"CUbN6vpRIXl7RCoO","workflowName":"My workflow","executionId":"3","nodeType":"n8n-nodes-base.extractFromFile","nodeName":"Extract from File","nodeId":"370ec201-4e48-4416-82e3-8906fcbdeeb3"}}
{"__type":"$$EventMessageConfirm","confirm":"f1740aeb-3a15-42a7-902c-87fa87f659f8","ts":"2025-08-30T08:14:50.187-04:00","source":{"id":"0","name":"eventBus"}}
{"__type":"$$EventMessageWorkflow","id":"3b7c81bd-c87e-46dc-bdf2-720bdad990e9","ts":"2025-08-30T08:14:50.191-04:00","eventName":"n8n.workflow.success","message":"n8n.workflow.success","payload":{"userId":"a536f4d0-a3dc-4fc0-b294-bc321f49e962","executionId":"3","success":true,"isManual":true,"workflowId":"CUbN6vpRIXl7RCoO","workflowName":"My workflow"}}
{"__type":"$$EventMessageConfirm","confirm":"3b7c81bd-c87e-46dc-bdf2-720bdad990e9","ts":"2025-08-30T08:14:50.191-04:00","source":{"id":"0","name":"eventBus"}}
{"__type":"$$EventMessageAudit","id":"88ba776c-2e69-4c17-958a-2cb08166659e","ts":"2025-08-30T08:18:17.173-04:00","eventName":"n8n.audit.workflow.updated","message":"n8n.audit.workflow.updated","payload":{"userId":"a536f4d0-a3dc-4fc0-b294-bc321f49e962","_email":"deek.4shi@gmail.com","_firstName":"vemula","_lastName":"deekshitha","globalRole":"global:owner","workflowId":"CUbN6vpRIXl7RCoO","workflowName":"My workflow"}}
{"__type":"$$EventMessageConfirm","confirm":"88ba776c-2e69-4c17-958a-2cb08166659e","ts":"2025-08-30T08:18:17.173-04:00","source":{"id":"0","name":"eventBus"}}
